  precheader.cpp
d:\android\test\新しいフォルダー\testproj\3dairhockey\airhockey\cocos2d\cocos\base\ccutf8.h : warning C4819: ファイルは、現在のコード ページ (932) で表示できない文字を含んでいます。データの損失を防ぐために、ファイルを Unicode 形式で保存してください。
d:\android\test\新しいフォルダー\testproj\3dairhockey\airhockey\cocos2d\cocos\platform\ccsaxparser.h : warning C4819: ファイルは、現在のコード ページ (932) で表示できない文字を含んでいます。データの損失を防ぐために、ファイルを Unicode 形式で保存してください。
  AssetsManager.cpp
  AssetsManagerEx.cpp
  CCEventAssetsManagerEx.cpp
  CCEventListenerAssetsManagerEx.cpp
  Manifest.cpp
  CCControl.cpp
  CCControlButton.cpp
  CCControlColourPicker.cpp
  CCControlHuePicker.cpp
  CCControlPotentiometer.cpp
  CCControlSaturationBrightnessPicker.cpp
  CCControlSlider.cpp
d:\android\test\新しいフォルダー\testproj\3dairhockey\airhockey\cocos2d\external\unzip\unzip.h(47): warning C4005: 'CC_DLL': マクロが再定義されました。 (ソース ファイルをコンパイルしています ..\..\extensions\assets-manager\AssetsManager.cpp)
  d:\android\test\新しいフォルダー\testproj\3dairhockey\airhockey\cocos2d\cocos\platform\win32\ccplatformdefine-win32.h(40): note: 'CC_DLL' の以前の定義を確認してください (ソース ファイルをコンパイルしています ..\..\extensions\assets-manager\AssetsManager.cpp)
d:\android\test\新しいフォルダー\testproj\3dairhockey\airhockey\cocos2d\cocos\ui\uiscale9sprite.h : warning C4819: ファイルは、現在のコード ページ (932) で表示できない文字を含んでいます。データの損失を防ぐために、ファイルを Unicode 形式で保存してください。 (ソース ファイルをコンパイルしています ..\..\extensions\GUI\CCControlExtension\CCControlButton.cpp)
  CCControlStepper.cpp
  CCControlSwitch.cpp
  CCControlUtils.cpp
  CCInvocation.cpp
  CCScrollView.cpp
  CCTableView.cpp
d:\android\test\新しいフォルダー\testproj\3dairhockey\airhockey\cocos2d\external\unzip\unzip.h(47): warning C4005: 'CC_DLL': マクロが再定義されました。 (ソース ファイルをコンパイルしています ..\..\extensions\assets-manager\AssetsManagerEx.cpp)
  d:\android\test\新しいフォルダー\testproj\3dairhockey\airhockey\cocos2d\cocos\platform\win32\ccplatformdefine-win32.h(40): note: 'CC_DLL' の以前の定義を確認してください (ソース ファイルをコンパイルしています ..\..\extensions\assets-manager\AssetsManagerEx.cpp)
  CCTableViewCell.cpp
  CCParticle3DAffector.cpp
  CCParticle3DEmitter.cpp
  CCParticle3DRender.cpp
  CCParticleSystem3D.cpp
  CCPUAffector.cpp
d:\android\test\新しいフォルダー\testproj\3dairhockey\airhockey\cocos2d\extensions\assets-manager\assetsmanagerex.cpp(1180): warning C4305: '+=': 'double' から 'float' へ切り詰めます。 (ソース ファイルをコンパイルしています ..\..\extensions\assets-manager\AssetsManagerEx.cpp)
  CCPUAffectorManager.cpp
  CCPUAffectorTranslator.cpp
  CCPUAlignAffector.cpp
  CCPUAlignAffectorTranslator.cpp
  CCPUBaseCollider.cpp
  CCPUBaseColliderTranslator.cpp
  CCPUBaseForceAffector.cpp
  CCPUBaseForceAffectorTranslator.cpp
  CCPUBeamRender.cpp
  CCPUBehaviour.cpp
  CCPUBehaviourManager.cpp
  CCPUBehaviourTranslator.cpp
  CCPUBillboardChain.cpp
  CCPUBoxCollider.cpp
  CCPUBoxColliderTranslator.cpp
  CCPUBoxEmitter.cpp
  CCPUBoxEmitterTranslator.cpp
  CCPUCircleEmitter.cpp
  CCPUCircleEmitterTranslator.cpp
  CCPUCollisionAvoidanceAffector.cpp
  CCPUCollisionAvoidanceAffectorTranslator.cpp
  CCPUColorAffector.cpp
  CCPUColorAffectorTranslator.cpp
  CCPUDoAffectorEventHandler.cpp
  CCPUDoAffectorEventHandlerTranslator.cpp
  CCPUDoEnableComponentEventHandler.cpp
  CCPUDoEnableComponentEventHandlerTranslator.cpp
  CCPUDoExpireEventHandler.cpp
  CCPUDoExpireEventHandlerTranslator.cpp
  CCPUDoFreezeEventHandler.cpp
  CCPUDoFreezeEventHandlerTranslator.cpp
  CCPUDoPlacementParticleEventHandler.cpp
  CCPUDoPlacementParticleEventHandlerTranslator.cpp
  CCPUDoScaleEventHandler.cpp
  CCPUDoScaleEventHandlerTranslator.cpp
  CCPUDoStopSystemEventHandler.cpp
  CCPUDoStopSystemEventHandlerTranslator.cpp
  CCPUDynamicAttribute.cpp
  CCPUDynamicAttributeTranslator.cpp
  CCPUEmitter.cpp
  CCPUEmitterManager.cpp
  CCPUEmitterTranslator.cpp
  CCPUEventHandler.cpp
  CCPUEventHandlerManager.cpp
  CCPUEventHandlerTranslator.cpp
  CCPUFlockCenteringAffector.cpp
  CCPUFlockCenteringAffectorTranslator.cpp
  CCPUForceField.cpp
  CCPUForceFieldAffector.cpp
  CCPUForceFieldAffectorTranslator.cpp
  CCPUGeometryRotator.cpp
  CCPUGeometryRotatorTranslator.cpp
  CCPUGravityAffector.cpp
  CCPUGravityAffectorTranslator.cpp
  CCPUInterParticleCollider.cpp
  CCPUInterParticleColliderTranslator.cpp
  CCPUJetAffector.cpp
  CCPUJetAffectorTranslator.cpp
  CCPULineAffector.cpp
  CCPULineAffectorTranslator.cpp
  CCPULinearForceAffector.cpp
  CCPULinearForceAffectorTranslator.cpp
  CCPULineEmitter.cpp
  CCPULineEmitterTranslator.cpp
  CCPUListener.cpp
  CCPUMaterialManager.cpp
  CCPUMaterialTranslator.cpp
  CCPUMeshSurfaceEmitter.cpp
  CCPUMeshSurfaceEmitterTranslator.cpp
  CCPUNoise.cpp
  CCPUObserver.cpp
  CCPUObserverManager.cpp
  CCPUObserverTranslator.cpp
  CCPUOnClearObserver.cpp
  CCPUOnClearObserverTranslator.cpp
  CCPUOnCollisionObserver.cpp
  CCPUOnCollisionObserverTranslator.cpp
  CCPUOnCountObserver.cpp
  CCPUOnCountObserverTranslator.cpp
  CCPUOnEmissionObserver.cpp
  CCPUOnEmissionObserverTranslator.cpp
  CCPUOnEventFlagObserver.cpp
  CCPUOnEventFlagObserverTranslator.cpp
  CCPUOnExpireObserver.cpp
  CCPUOnExpireObserverTranslator.cpp
  CCPUOnPositionObserver.cpp
  CCPUOnPositionObserverTranslator.cpp
  CCPUOnQuotaObserver.cpp
  CCPUOnQuotaObserverTranslator.cpp
  CCPUOnRandomObserver.cpp
  CCPUOnRandomObserverTranslator.cpp
  CCPUOnTimeObserver.cpp
  CCPUOnTimeObserverTranslator.cpp
  CCPUOnVelocityObserver.cpp
  CCPUOnVelocityObserverTranslator.cpp
  CCPUParticleFollower.cpp
  CCPUParticleFollowerTranslator.cpp
  CCPUParticleSystem3D.cpp
  CCPUParticleSystem3DTranslator.cpp
  CCPUPathFollower.cpp
  CCPUPathFollowerTranslator.cpp
  CCPUPlane.cpp
  CCPUPlaneCollider.cpp
  CCPUPlaneColliderTranslator.cpp
  CCPUPointEmitter.cpp
  CCPUPointEmitterTranslator.cpp
  CCPUPositionEmitter.cpp
  CCPUPositionEmitterTranslator.cpp
  CCPURandomiser.cpp
  CCPURandomiserTranslator.cpp
  CCPURender.cpp
  CCPURendererTranslator.cpp
  CCPURibbonTrail.cpp
  CCPURibbonTrailRender.cpp
  CCPUScaleAffector.cpp
  CCPUScaleAffectorTranslator.cpp
  CCPUScaleVelocityAffector.cpp
  CCPUScaleVelocityAffectorTranslator.cpp
  CCPUScriptCompiler.cpp
  CCPUScriptLexer.cpp
  CCPUScriptParser.cpp
  CCPUScriptTranslator.cpp
  CCPUSimpleSpline.cpp
  CCPUSineForceAffector.cpp
  CCPUSineForceAffectorTranslator.cpp
  CCPUSlaveBehaviour.cpp
  CCPUSlaveBehaviourTranslator.cpp
  CCPUSlaveEmitter.cpp
  CCPUSlaveEmitterTranslator.cpp
  CCPUSphere.cpp
  CCPUSphereCollider.cpp
  CCPUSphereColliderTranslator.cpp
  CCPUSphereSurfaceEmitter.cpp
  CCPUSphereSurfaceEmitterTranslator.cpp
  CCPUTechniqueTranslator.cpp
  CCPUTextureAnimator.cpp
  CCPUTextureAnimatorTranslator.cpp
  CCPUTextureRotator.cpp
  CCPUTextureRotatorTranslator.cpp
  CCPUTranslateManager.cpp
  CCPUUtil.cpp
  CCPUVelocityMatchingAffector.cpp
  CCPUVelocityMatchingAffectorTranslator.cpp
  CCPUVertexEmitter.cpp
  CCPUVortexAffector.cpp
  CCPUVortexAffectorTranslator.cpp
  CCPhysicsDebugNode.cpp
  CCPhysicsSprite.cpp
  clipper.cpp
  ConvertUTF.c
  ConvertUTFWrapper.cpp
  edtaa3func.cpp
  idl_gen_cpp.cpp
  idl_gen_fbs.cpp
  idl_gen_general.cpp
  idl_gen_go.cpp
  idl_gen_text.cpp
  idl_parser.cpp
  md5.c
  shapes.cc
  advancing_front.cc
  cdt.cc
  sweep.cc
  sweep_context.cc
  tinyxml2.cpp
  ioapi_mem.cpp
  ioapi.cpp
d:\android\test\新しいフォルダー\testproj\3dairhockey\airhockey\cocos2d\external\unzip\ioapi.h(25): warning C4005: 'CC_DLL': マクロが再定義されました。 (ソース ファイルをコンパイルしています ..\..\external\unzip\ioapi_mem.cpp)
  d:\android\test\新しいフォルダー\testproj\3dairhockey\airhockey\cocos2d\cocos\platform\win32\ccplatformdefine-win32.h(40): note: 'CC_DLL' の以前の定義を確認してください (ソース ファイルをコンパイルしています ..\..\external\unzip\ioapi_mem.cpp)
d:\android\test\新しいフォルダー\testproj\3dairhockey\airhockey\cocos2d\external\unzip\ioapi.h(25): warning C4005: 'CC_DLL': マクロが再定義されました。 (ソース ファイルをコンパイルしています ..\..\external\unzip\ioapi.cpp)
  d:\android\test\新しいフォルダー\testproj\3dairhockey\airhockey\cocos2d\cocos\platform\win32\ccplatformdefine-win32.h(40): note: 'CC_DLL' の以前の定義を確認してください (ソース ファイルをコンパイルしています ..\..\external\unzip\ioapi.cpp)
  unzip.cpp
  xxhash.c
d:\android\test\新しいフォルダー\testproj\3dairhockey\airhockey\cocos2d\external\unzip\unzip.h(47): warning C4005: 'CC_DLL': マクロが再定義されました。 (ソース ファイルをコンパイルしています ..\..\external\unzip\unzip.cpp)
  d:\android\test\新しいフォルダー\testproj\3dairhockey\airhockey\cocos2d\cocos\platform\win32\ccplatformdefine-win32.h(40): note: 'CC_DLL' の以前の定義を確認してください (ソース ファイルをコンパイルしています ..\..\external\unzip\unzip.cpp)
  CCAABB.cpp
d:\android\test\新しいフォルダー\testproj\3dairhockey\airhockey\cocos2d\external\xxhash\xxhash.c(312): warning C4804: '/': 演算中の 'bool' 型の使用方法が安全ではありません (ソース ファイルをコンパイルしています ..\..\external\xxhash\xxhash.c)
  CCAnimate3D.cpp
  CCAnimation3D.cpp
  CCAttachNode.cpp
  CCBillBoard.cpp
  CCBundle3D.cpp
  CCBundleReader.cpp
  CCFrustum.cpp
  CCMesh.cpp
  CCMeshSkin.cpp
  CCMeshVertexIndexData.cpp
  CCMotionStreak3D.cpp
  CCOBB.cpp
  CCObjLoader.cpp
  CCPlane.cpp
  CCRay.cpp
  CCSkeleton3D.cpp
  CCSkybox.cpp
  CCSprite3D.cpp
  CCSprite3DMaterial.cpp
  CCTerrain.cpp
  AudioEngine.cpp
  AudioCache.cpp
  AudioDecoder.cpp
  AudioDecoderManager.cpp
  AudioDecoderMp3.cpp
  AudioDecoderOgg.cpp
  AudioEngine-win32.cpp
  AudioPlayer.cpp
  MciPlayer.cpp
  SimpleAudioEngine.cpp
  CCAllocatorDiagnostics.cpp
  CCAllocatorGlobal.cpp
  CCAllocatorGlobalNewDelete.cpp
  atitc.cpp
  base64.cpp
  CCAsyncTaskPool.cpp
  CCAutoreleasePool.cpp
  ccCArray.cpp
  CCConfiguration.cpp
  CCConsole.cpp
  CCController.cpp
  CCController-linux-win32.cpp
  CCData.cpp
  CCDataVisitor.cpp
  CCDirector.cpp
d:\android\test\新しいフォルダー\testproj\3dairhockey\airhockey\cocos2d\cocos\base\ccdirector.cpp : warning C4819: ファイルは、現在のコード ページ (932) で表示できない文字を含んでいます。データの損失を防ぐために、ファイルを Unicode 形式で保存してください。 (ソース ファイルをコンパイルしています ..\base\CCDirector.cpp)
  CCEvent.cpp
  CCEventAcceleration.cpp
  CCEventController.cpp
  CCEventCustom.cpp
  CCEventDispatcher.cpp
  CCEventFocus.cpp
  CCEventKeyboard.cpp
  CCEventListener.cpp
  CCEventListenerAcceleration.cpp
  CCEventListenerController.cpp
  CCEventListenerCustom.cpp
  CCEventListenerFocus.cpp
  CCEventListenerKeyboard.cpp
  CCEventListenerMouse.cpp
  CCEventListenerTouch.cpp
  CCEventMouse.cpp
  CCEventTouch.cpp
  ccFPSImages.c
  CCIMEDispatcher.cpp
  CCNinePatchImageParser.cpp
  CCStencilStateManager.cpp
  CCNS.cpp
  CCProfiling.cpp
  CCProperties.cpp
  ccRandom.cpp
  CCRef.cpp
  CCScheduler.cpp
  CCScriptSupport.cpp
  CCTouch.cpp
  ccTypes.cpp
  CCUserDefault.cpp
  ccUTF8.cpp
  ccUtils.cpp
  CCValue.cpp
  etc1.cpp
  pvr.cpp
  ObjectFactory.cpp
  s3tc.cpp
  TGAlib.cpp
  ZipUtils.cpp
  cocos2d.cpp
d:\android\test\新しいフォルダー\testproj\3dairhockey\airhockey\cocos2d\external\unzip\unzip.h(47): warning C4005: 'CC_DLL': マクロが再定義されました。 (ソース ファイルをコンパイルしています ..\base\ZipUtils.cpp)
  d:\android\test\新しいフォルダー\testproj\3dairhockey\airhockey\cocos2d\cocos\platform\win32\ccplatformdefine-win32.h(40): note: 'CC_DLL' の以前の定義を確認してください (ソース ファイルをコンパイルしています ..\base\ZipUtils.cpp)
  CCArray.cpp
  CCDeprecated.cpp
  CCDictionary.cpp
  CCNotificationCenter.cpp
  CCSet.cpp
  CCString.cpp
  CCBAnimationManager.cpp
  CCBFileLoader.cpp
  CCBKeyframe.cpp
  CCBReader.cpp
  CCBSequence.cpp
  CCBSequenceProperty.cpp
  CCControlButtonLoader.cpp
  CCControlLoader.cpp
  CCLabelBMFontLoader.cpp
  CCLabelTTFLoader.cpp
  CCLayerColorLoader.cpp
  CCLayerGradientLoader.cpp
  CCLayerLoader.cpp
  CCMenuItemImageLoader.cpp
d:\android\test\新しいフォルダー\testproj\3dairhockey\airhockey\cocos2d\cocos\ui\uiscale9sprite.h : warning C4819: ファイルは、現在のコード ページ (932) で表示できない文字を含んでいます。データの損失を防ぐために、ファイルを Unicode 形式で保存してください。 (ソース ファイルをコンパイルしています ..\editor-support\cocosbuilder\CCControlButtonLoader.cpp)
  CCMenuItemLoader.cpp
  CCNode+CCBRelativePositioning.cpp
  CCNodeLoader.cpp
  CCNodeLoaderLibrary.cpp
  CCParticleSystemQuadLoader.cpp
  CCScale9SpriteLoader.cpp
  CCScrollViewLoader.cpp
  CCSpriteLoader.cpp
  CCActionTimeline.cpp
  CCActionTimelineCache.cpp
d:\android\test\新しいフォルダー\testproj\3dairhockey\airhockey\cocos2d\cocos\ui\uiscale9sprite.h : warning C4819: ファイルは、現在のコード ページ (932) で表示できない文字を含んでいます。データの損失を防ぐために、ファイルを Unicode 形式で保存してください。 (ソース ファイルをコンパイルしています ..\editor-support\cocosbuilder\CCNodeLoaderLibrary.cpp)
d:\android\test\新しいフォルダー\testproj\3dairhockey\airhockey\cocos2d\cocos\ui\uiscale9sprite.h : warning C4819: ファイルは、現在のコード ページ (932) で表示できない文字を含んでいます。データの損失を防ぐために、ファイルを Unicode 形式で保存してください。 (ソース ファイルをコンパイルしています ..\editor-support\cocosbuilder\CCScale9SpriteLoader.cpp)
  CCActionTimelineNode.cpp
  CCBoneNode.cpp
  CCFrame.cpp
d:\android\test\新しいフォルダー\testproj\3dairhockey\airhockey\cocos2d\cocos\editor-support\cocostudio\csparsebinary_generated.h(1546): warning C4305: '引数': 'double' から 'T' へ切り詰めます。
          with
          [
              T=float
          ] (ソース ファイルをコンパイルしています ..\editor-support\cocostudio\ActionTimeline\CCActionTimelineCache.cpp)
d:\android\test\新しいフォルダー\testproj\3dairhockey\airhockey\cocos2d\cocos\editor-support\cocostudio\csparsebinary_generated.h(1593): warning C4305: '引数': 'double' から 'T' へ切り詰めます。
          with
          [
              T=float
          ] (ソース ファイルをコンパイルしています ..\editor-support\cocostudio\ActionTimeline\CCActionTimelineCache.cpp)
  CCSkeletonNode.cpp
  CCSkinNode.cpp
  CCTimeLine.cpp
  CSLoader.cpp
  CCActionFrame.cpp
  CCActionFrameEasing.cpp
  CCActionManagerEx.cpp
  CCActionNode.cpp
  CCActionObject.cpp
  CCArmature.cpp
  CCArmatureAnimation.cpp
  CCArmatureDataManager.cpp
  CCArmatureDefine.cpp
  CCBatchNode.cpp
  CCBone.cpp
  CCColliderDetector.cpp
  CCComAttribute.cpp
d:\android\test\新しいフォルダー\testproj\3dairhockey\airhockey\cocos2d\cocos\ui\uiscale9sprite.h : warning C4819: ファイルは、現在のコード ページ (932) で表示できない文字を含んでいます。データの損失を防ぐために、ファイルを Unicode 形式で保存してください。 (ソース ファイルをコンパイルしています ..\editor-support\cocostudio\ActionTimeline\CSLoader.cpp)
  CCComAudio.cpp
  CCComController.cpp
  CCComRender.cpp
  CCDataReaderHelper.cpp
  CCDatas.cpp
  CCDecorativeDisplay.cpp
  CCDisplayFactory.cpp
  CCDisplayManager.cpp
d:\android\test\新しいフォルダー\testproj\3dairhockey\airhockey\cocos2d\cocos\editor-support\cocostudio\csparsebinary_generated.h(1546): warning C4305: '引数': 'double' から 'T' へ切り詰めます。
          with
          [
              T=float
          ] (ソース ファイルをコンパイルしています ..\editor-support\cocostudio\ActionTimeline\CSLoader.cpp)
d:\android\test\新しいフォルダー\testproj\3dairhockey\airhockey\cocos2d\cocos\editor-support\cocostudio\csparsebinary_generated.h(1593): warning C4305: '引数': 'double' から 'T' へ切り詰めます。
          with
          [
              T=float
          ] (ソース ファイルをコンパイルしています ..\editor-support\cocostudio\ActionTimeline\CSLoader.cpp)
  CCInputDelegate.cpp
  CCComExtensionData.cpp
  CCProcessBase.cpp
  CCSGUIReader.cpp
  CCSkin.cpp
  CCSpriteFrameCacheHelper.cpp
  CCSSceneReader.cpp
  CCTransformHelp.cpp
  CCTween.cpp
d:\android\test\新しいフォルダー\testproj\3dairhockey\airhockey\cocos2d\cocos\ui\uiscale9sprite.h : warning C4819: ファイルは、現在のコード ページ (932) で表示できない文字を含んでいます。データの損失を防ぐために、ファイルを Unicode 形式で保存してください。 (ソース ファイルをコンパイルしています ..\editor-support\cocostudio\CCSGUIReader.cpp)
  CCUtilMath.cpp
  CocoLoader.cpp
  CocoStudio.cpp
  DictionaryHelper.cpp
  FlatBuffersSerialize.cpp
  LocalizationManager.cpp
  TriggerBase.cpp
d:\android\test\新しいフォルダー\testproj\3dairhockey\airhockey\cocos2d\cocos\ui\uiscale9sprite.h : warning C4819: ファイルは、現在のコード ページ (932) で表示できない文字を含んでいます。データの損失を防ぐために、ファイルを Unicode 形式で保存してください。 (ソース ファイルをコンパイルしています ..\editor-support\cocostudio\FlatBuffersSerialize.cpp)
  TriggerMng.cpp
d:\android\test\新しいフォルダー\testproj\3dairhockey\airhockey\cocos2d\cocos\ui\uiscale9sprite.h : warning C4819: ファイルは、現在のコード ページ (932) で表示できない文字を含んでいます。データの損失を防ぐために、ファイルを Unicode 形式で保存してください。 (ソース ファイルをコンパイルしています ..\editor-support\cocostudio\CCSSceneReader.cpp)
  TriggerObj.cpp
  WidgetCallBackHandlerProtocol.cpp
  ArmatureNodeReader.cpp
d:\android\test\新しいフォルダー\testproj\3dairhockey\airhockey\cocos2d\cocos\editor-support\cocostudio\csparsebinary_generated.h(1546): warning C4305: '引数': 'double' から 'T' へ切り詰めます。
          with
          [
              T=float
          ] (ソース ファイルをコンパイルしています ..\editor-support\cocostudio\WidgetReader\ArmatureNodeReader\ArmatureNodeReader.cpp)
d:\android\test\新しいフォルダー\testproj\3dairhockey\airhockey\cocos2d\cocos\editor-support\cocostudio\csparsebinary_generated.h(1593): warning C4305: '引数': 'double' から 'T' へ切り詰めます。
          with
          [
              T=float
          ] (ソース ファイルをコンパイルしています ..\editor-support\cocostudio\WidgetReader\ArmatureNodeReader\ArmatureNodeReader.cpp)
  ButtonReader.cpp
  CheckBoxReader.cpp
  ComAudioReader.cpp
d:\android\test\新しいフォルダー\testproj\3dairhockey\airhockey\cocos2d\cocos\editor-support\cocostudio\csparsebinary_generated.h(1546): warning C4305: '引数': 'double' から 'T' へ切り詰めます。
          with
          [
              T=float
          ] (ソース ファイルをコンパイルしています ..\editor-support\cocostudio\FlatBuffersSerialize.cpp)
d:\android\test\新しいフォルダー\testproj\3dairhockey\airhockey\cocos2d\cocos\editor-support\cocostudio\csparsebinary_generated.h(1593): warning C4305: '引数': 'double' から 'T' へ切り詰めます。
          with
          [
              T=float
          ] (ソース ファイルをコンパイルしています ..\editor-support\cocostudio\FlatBuffersSerialize.cpp)
d:\android\test\新しいフォルダー\testproj\3dairhockey\airhockey\cocos2d\cocos\editor-support\cocostudio\csparsebinary_generated.h(1546): warning C4305: '引数': 'double' から 'T' へ切り詰めます。
          with
          [
              T=float
          ] (ソース ファイルをコンパイルしています ..\editor-support\cocostudio\WidgetReader\ButtonReader\ButtonReader.cpp)
d:\android\test\新しいフォルダー\testproj\3dairhockey\airhockey\cocos2d\cocos\editor-support\cocostudio\csparsebinary_generated.h(1593): warning C4305: '引数': 'double' から 'T' へ切り詰めます。
          with
          [
              T=float
          ] (ソース ファイルをコンパイルしています ..\editor-support\cocostudio\WidgetReader\ButtonReader\ButtonReader.cpp)
d:\android\test\新しいフォルダー\testproj\3dairhockey\airhockey\cocos2d\cocos\editor-support\cocostudio\csparsebinary_generated.h(1546): warning C4305: '引数': 'double' から 'T' へ切り詰めます。
          with
          [
              T=float
          ] (ソース ファイルをコンパイルしています ..\editor-support\cocostudio\WidgetReader\ComAudioReader\ComAudioReader.cpp)
d:\android\test\新しいフォルダー\testproj\3dairhockey\airhockey\cocos2d\cocos\editor-support\cocostudio\csparsebinary_generated.h(1593): warning C4305: '引数': 'double' から 'T' へ切り詰めます。
          with
          [
              T=float
          ] (ソース ファイルをコンパイルしています ..\editor-support\cocostudio\WidgetReader\ComAudioReader\ComAudioReader.cpp)
d:\android\test\新しいフォルダー\testproj\3dairhockey\airhockey\cocos2d\cocos\editor-support\cocostudio\csparsebinary_generated.h(1546): warning C4305: '引数': 'double' から 'T' へ切り詰めます。
          with
          [
              T=float
          ] (ソース ファイルをコンパイルしています ..\editor-support\cocostudio\WidgetReader\CheckBoxReader\CheckBoxReader.cpp)
d:\android\test\新しいフォルダー\testproj\3dairhockey\airhockey\cocos2d\cocos\editor-support\cocostudio\csparsebinary_generated.h(1593): warning C4305: '引数': 'double' から 'T' へ切り詰めます。
          with
          [
              T=float
          ] (ソース ファイルをコンパイルしています ..\editor-support\cocostudio\WidgetReader\CheckBoxReader\CheckBoxReader.cpp)
  GameMapReader.cpp
  GameNode3DReader.cpp
d:\android\test\新しいフォルダー\testproj\3dairhockey\airhockey\cocos2d\cocos\editor-support\cocostudio\csparsebinary_generated.h(1546): warning C4305: '引数': 'double' から 'T' へ切り詰めます。
          with
          [
              T=float
          ] (ソース ファイルをコンパイルしています ..\editor-support\cocostudio\WidgetReader\GameMapReader\GameMapReader.cpp)
d:\android\test\新しいフォルダー\testproj\3dairhockey\airhockey\cocos2d\cocos\editor-support\cocostudio\csparsebinary_generated.h(1593): warning C4305: '引数': 'double' から 'T' へ切り詰めます。
          with
          [
              T=float
          ] (ソース ファイルをコンパイルしています ..\editor-support\cocostudio\WidgetReader\GameMapReader\GameMapReader.cpp)
d:\android\test\新しいフォルダー\testproj\3dairhockey\airhockey\cocos2d\cocos\editor-support\cocostudio\csparsebinary_generated.h(1546): warning C4305: '引数': 'double' から 'T' へ切り詰めます。
          with
          [
              T=float
          ] (ソース ファイルをコンパイルしています ..\editor-support\cocostudio\WidgetReader\GameNode3DReader\GameNode3DReader.cpp)
d:\android\test\新しいフォルダー\testproj\3dairhockey\airhockey\cocos2d\cocos\editor-support\cocostudio\csparsebinary_generated.h(1593): warning C4305: '引数': 'double' から 'T' へ切り詰めます。
          with
          [
              T=float
          ] (ソース ファイルをコンパイルしています ..\editor-support\cocostudio\WidgetReader\GameNode3DReader\GameNode3DReader.cpp)
  ImageViewReader.cpp
  LayoutReader.cpp
  Light3DReader.cpp
  ListViewReader.cpp
d:\android\test\新しいフォルダー\testproj\3dairhockey\airhockey\cocos2d\cocos\editor-support\cocostudio\csparsebinary_generated.h(1546): warning C4305: '引数': 'double' から 'T' へ切り詰めます。
          with
          [
              T=float
          ] (ソース ファイルをコンパイルしています ..\editor-support\cocostudio\WidgetReader\Light3DReader\Light3DReader.cpp)
d:\android\test\新しいフォルダー\testproj\3dairhockey\airhockey\cocos2d\cocos\editor-support\cocostudio\csparsebinary_generated.h(1546): warning C4305: '引数': 'double' から 'T' へ切り詰めます。
          with
          [
              T=float
          ] (ソース ファイルをコンパイルしています ..\editor-support\cocostudio\WidgetReader\ImageViewReader\ImageViewReader.cpp)
d:\android\test\新しいフォルダー\testproj\3dairhockey\airhockey\cocos2d\cocos\editor-support\cocostudio\csparsebinary_generated.h(1593): warning C4305: '引数': 'double' から 'T' へ切り詰めます。
          with
          [
              T=float
          ] (ソース ファイルをコンパイルしています ..\editor-support\cocostudio\WidgetReader\Light3DReader\Light3DReader.cpp)
d:\android\test\新しいフォルダー\testproj\3dairhockey\airhockey\cocos2d\cocos\editor-support\cocostudio\csparsebinary_generated.h(1593): warning C4305: '引数': 'double' から 'T' へ切り詰めます。
          with
          [
              T=float
          ] (ソース ファイルをコンパイルしています ..\editor-support\cocostudio\WidgetReader\ImageViewReader\ImageViewReader.cpp)
d:\android\test\新しいフォルダー\testproj\3dairhockey\airhockey\cocos2d\cocos\editor-support\cocostudio\csparsebinary_generated.h(1546): warning C4305: '引数': 'double' から 'T' へ切り詰めます。
          with
          [
              T=float
          ] (ソース ファイルをコンパイルしています ..\editor-support\cocostudio\WidgetReader\LayoutReader\LayoutReader.cpp)
d:\android\test\新しいフォルダー\testproj\3dairhockey\airhockey\cocos2d\cocos\editor-support\cocostudio\csparsebinary_generated.h(1593): warning C4305: '引数': 'double' から 'T' へ切り詰めます。
          with
          [
              T=float
          ] (ソース ファイルをコンパイルしています ..\editor-support\cocostudio\WidgetReader\LayoutReader\LayoutReader.cpp)
  LoadingBarReader.cpp
d:\android\test\新しいフォルダー\testproj\3dairhockey\airhockey\cocos2d\cocos\editor-support\cocostudio\csparsebinary_generated.h(1546): warning C4305: '引数': 'double' から 'T' へ切り詰めます。
          with
          [
              T=float
          ] (ソース ファイルをコンパイルしています ..\editor-support\cocostudio\WidgetReader\ListViewReader\ListViewReader.cpp)
d:\android\test\新しいフォルダー\testproj\3dairhockey\airhockey\cocos2d\cocos\editor-support\cocostudio\csparsebinary_generated.h(1593): warning C4305: '引数': 'double' から 'T' へ切り詰めます。
          with
          [
              T=float
          ] (ソース ファイルをコンパイルしています ..\editor-support\cocostudio\WidgetReader\ListViewReader\ListViewReader.cpp)
  NodeReaderDefine.cpp
d:\android\test\新しいフォルダー\testproj\3dairhockey\airhockey\cocos2d\cocos\editor-support\cocostudio\csparsebinary_generated.h(1546): warning C4305: '引数': 'double' から 'T' へ切り詰めます。
          with
          [
              T=float
          ] (ソース ファイルをコンパイルしています ..\editor-support\cocostudio\WidgetReader\LoadingBarReader\LoadingBarReader.cpp)
d:\android\test\新しいフォルダー\testproj\3dairhockey\airhockey\cocos2d\cocos\editor-support\cocostudio\csparsebinary_generated.h(1593): warning C4305: '引数': 'double' から 'T' へ切り詰めます。
          with
          [
              T=float
          ] (ソース ファイルをコンパイルしています ..\editor-support\cocostudio\WidgetReader\LoadingBarReader\LoadingBarReader.cpp)
  NodeReaderProtocol.cpp
  NodeReader.cpp
  PageViewReader.cpp
  ParticleReader.cpp
  ProjectNodeReader.cpp
d:\android\test\新しいフォルダー\testproj\3dairhockey\airhockey\cocos2d\cocos\editor-support\cocostudio\csparsebinary_generated.h(1546): warning C4305: '引数': 'double' から 'T' へ切り詰めます。
          with
          [
              T=float
          ] (ソース ファイルをコンパイルしています ..\editor-support\cocostudio\WidgetReader\NodeReader\NodeReader.cpp)
d:\android\test\新しいフォルダー\testproj\3dairhockey\airhockey\cocos2d\cocos\editor-support\cocostudio\csparsebinary_generated.h(1593): warning C4305: '引数': 'double' から 'T' へ切り詰めます。
          with
          [
              T=float
          ] (ソース ファイルをコンパイルしています ..\editor-support\cocostudio\WidgetReader\NodeReader\NodeReader.cpp)
d:\android\test\新しいフォルダー\testproj\3dairhockey\airhockey\cocos2d\cocos\editor-support\cocostudio\csparsebinary_generated.h(1546): warning C4305: '引数': 'double' から 'T' へ切り詰めます。
          with
          [
              T=float
          ] (ソース ファイルをコンパイルしています ..\editor-support\cocostudio\WidgetReader\ProjectNodeReader\ProjectNodeReader.cpp)
d:\android\test\新しいフォルダー\testproj\3dairhockey\airhockey\cocos2d\cocos\editor-support\cocostudio\csparsebinary_generated.h(1593): warning C4305: '引数': 'double' から 'T' へ切り詰めます。
          with
          [
              T=float
          ] (ソース ファイルをコンパイルしています ..\editor-support\cocostudio\WidgetReader\ProjectNodeReader\ProjectNodeReader.cpp)
d:\android\test\新しいフォルダー\testproj\3dairhockey\airhockey\cocos2d\cocos\editor-support\cocostudio\csparsebinary_generated.h(1546): warning C4305: '引数': 'double' から 'T' へ切り詰めます。
          with
          [
              T=float
          ] (ソース ファイルをコンパイルしています ..\editor-support\cocostudio\WidgetReader\ParticleReader\ParticleReader.cpp)
d:\android\test\新しいフォルダー\testproj\3dairhockey\airhockey\cocos2d\cocos\editor-support\cocostudio\csparsebinary_generated.h(1593): warning C4305: '引数': 'double' から 'T' へ切り詰めます。
          with
          [
              T=float
          ] (ソース ファイルをコンパイルしています ..\editor-support\cocostudio\WidgetReader\ParticleReader\ParticleReader.cpp)
  ScrollViewReader.cpp
  SingleNodeReader.cpp
d:\android\test\新しいフォルダー\testproj\3dairhockey\airhockey\cocos2d\cocos\editor-support\cocostudio\csparsebinary_generated.h(1546): warning C4305: '引数': 'double' から 'T' へ切り詰めます。
          with
          [
              T=float
          ] (ソース ファイルをコンパイルしています ..\editor-support\cocostudio\WidgetReader\PageViewReader\PageViewReader.cpp)
d:\android\test\新しいフォルダー\testproj\3dairhockey\airhockey\cocos2d\cocos\editor-support\cocostudio\csparsebinary_generated.h(1593): warning C4305: '引数': 'double' から 'T' へ切り詰めます。
          with
          [
              T=float
          ] (ソース ファイルをコンパイルしています ..\editor-support\cocostudio\WidgetReader\PageViewReader\PageViewReader.cpp)
  BoneNodeReader.cpp
  SkeletonNodeReader.cpp
d:\android\test\新しいフォルダー\testproj\3dairhockey\airhockey\cocos2d\cocos\editor-support\cocostudio\csparsebinary_generated.h(1546): warning C4305: '引数': 'double' から 'T' へ切り詰めます。
          with
          [
              T=float
          ] (ソース ファイルをコンパイルしています ..\editor-support\cocostudio\WidgetReader\SingleNodeReader\SingleNodeReader.cpp)
d:\android\test\新しいフォルダー\testproj\3dairhockey\airhockey\cocos2d\cocos\editor-support\cocostudio\csparsebinary_generated.h(1593): warning C4305: '引数': 'double' から 'T' へ切り詰めます。
          with
          [
              T=float
          ] (ソース ファイルをコンパイルしています ..\editor-support\cocostudio\WidgetReader\SingleNodeReader\SingleNodeReader.cpp)
  SliderReader.cpp
d:\android\test\新しいフォルダー\testproj\3dairhockey\airhockey\cocos2d\cocos\editor-support\cocostudio\csparsebinary_generated.h(1546): warning C4305: '引数': 'double' から 'T' へ切り詰めます。
          with
          [
              T=float
          ] (ソース ファイルをコンパイルしています ..\editor-support\cocostudio\WidgetReader\SkeletonReader\BoneNodeReader.cpp)
d:\android\test\新しいフォルダー\testproj\3dairhockey\airhockey\cocos2d\cocos\editor-support\cocostudio\csparsebinary_generated.h(1593): warning C4305: '引数': 'double' から 'T' へ切り詰めます。
          with
          [
              T=float
          ] (ソース ファイルをコンパイルしています ..\editor-support\cocostudio\WidgetReader\SkeletonReader\BoneNodeReader.cpp)
  SpriteReader.cpp
d:\android\test\新しいフォルダー\testproj\3dairhockey\airhockey\cocos2d\cocos\editor-support\cocostudio\csparsebinary_generated.h(1546): warning C4305: '引数': 'double' から 'T' へ切り詰めます。
          with
          [
              T=float
          ] (ソース ファイルをコンパイルしています ..\editor-support\cocostudio\WidgetReader\SkeletonReader\SkeletonNodeReader.cpp)
d:\android\test\新しいフォルダー\testproj\3dairhockey\airhockey\cocos2d\cocos\editor-support\cocostudio\csparsebinary_generated.h(1593): warning C4305: '引数': 'double' から 'T' へ切り詰めます。
          with
          [
              T=float
          ] (ソース ファイルをコンパイルしています ..\editor-support\cocostudio\WidgetReader\SkeletonReader\SkeletonNodeReader.cpp)
  TabControlReader.cpp
d:\android\test\新しいフォルダー\testproj\3dairhockey\airhockey\cocos2d\cocos\editor-support\cocostudio\csparsebinary_generated.h(1546): warning C4305: '引数': 'double' から 'T' へ切り詰めます。
          with
          [
              T=float
          ] (ソース ファイルをコンパイルしています ..\editor-support\cocostudio\WidgetReader\ScrollViewReader\ScrollViewReader.cpp)
d:\android\test\新しいフォルダー\testproj\3dairhockey\airhockey\cocos2d\cocos\editor-support\cocostudio\csparsebinary_generated.h(1593): warning C4305: '引数': 'double' から 'T' へ切り詰めます。
          with
          [
              T=float
          ] (ソース ファイルをコンパイルしています ..\editor-support\cocostudio\WidgetReader\ScrollViewReader\ScrollViewReader.cpp)
d:\android\test\新しいフォルダー\testproj\3dairhockey\airhockey\cocos2d\cocos\editor-support\cocostudio\csparsebinary_generated.h(1546): warning C4305: '引数': 'double' から 'T' へ切り詰めます。
          with
          [
              T=float
          ] (ソース ファイルをコンパイルしています ..\editor-support\cocostudio\WidgetReader\SpriteReader\SpriteReader.cpp)
d:\android\test\新しいフォルダー\testproj\3dairhockey\airhockey\cocos2d\cocos\editor-support\cocostudio\csparsebinary_generated.h(1593): warning C4305: '引数': 'double' から 'T' へ切り詰めます。
          with
          [
              T=float
          ] (ソース ファイルをコンパイルしています ..\editor-support\cocostudio\WidgetReader\SpriteReader\SpriteReader.cpp)
  TextAtlasReader.cpp
  TextBMFontReader.cpp
d:\android\test\新しいフォルダー\testproj\3dairhockey\airhockey\cocos2d\cocos\editor-support\cocostudio\csparsebinary_generated.h(1546): warning C4305: '引数': 'double' から 'T' へ切り詰めます。
          with
          [
              T=float
          ] (ソース ファイルをコンパイルしています ..\editor-support\cocostudio\WidgetReader\SliderReader\SliderReader.cpp)
d:\android\test\新しいフォルダー\testproj\3dairhockey\airhockey\cocos2d\cocos\editor-support\cocostudio\csparsebinary_generated.h(1593): warning C4305: '引数': 'double' から 'T' へ切り詰めます。
          with
          [
              T=float
          ] (ソース ファイルをコンパイルしています ..\editor-support\cocostudio\WidgetReader\SliderReader\SliderReader.cpp)
  TextFieldReader.cpp
  TextReader.cpp
  Node3DReader.cpp
d:\android\test\新しいフォルダー\testproj\3dairhockey\airhockey\cocos2d\cocos\editor-support\cocostudio\csparsebinary_generated.h(1546): warning C4305: '引数': 'double' から 'T' へ切り詰めます。
          with
          [
              T=float
          ] (ソース ファイルをコンパイルしています ..\editor-support\cocostudio\WidgetReader\TabControlReader\TabControlReader.cpp)
d:\android\test\新しいフォルダー\testproj\3dairhockey\airhockey\cocos2d\cocos\editor-support\cocostudio\csparsebinary_generated.h(1593): warning C4305: '引数': 'double' から 'T' へ切り詰めます。
          with
          [
              T=float
          ] (ソース ファイルをコンパイルしています ..\editor-support\cocostudio\WidgetReader\TabControlReader\TabControlReader.cpp)
  Sprite3DReader.cpp
d:\android\test\新しいフォルダー\testproj\3dairhockey\airhockey\cocos2d\cocos\editor-support\cocostudio\csparsebinary_generated.h(1546): warning C4305: '引数': 'double' から 'T' へ切り詰めます。
          with
          [
              T=float
          ] (ソース ファイルをコンパイルしています ..\editor-support\cocostudio\WidgetReader\TextAtlasReader\TextAtlasReader.cpp)
  UserCameraReader.cpp
d:\android\test\新しいフォルダー\testproj\3dairhockey\airhockey\cocos2d\cocos\editor-support\cocostudio\csparsebinary_generated.h(1593): warning C4305: '引数': 'double' から 'T' へ切り詰めます。
          with
          [
              T=float
          ] (ソース ファイルをコンパイルしています ..\editor-support\cocostudio\WidgetReader\TextAtlasReader\TextAtlasReader.cpp)
d:\android\test\新しいフォルダー\testproj\3dairhockey\airhockey\cocos2d\cocos\editor-support\cocostudio\csparsebinary_generated.h(1546): warning C4305: '引数': 'double' から 'T' へ切り詰めます。
          with
          [
              T=float
          ] (ソース ファイルをコンパイルしています ..\editor-support\cocostudio\WidgetReader\Sprite3DReader\Sprite3DReader.cpp)
d:\android\test\新しいフォルダー\testproj\3dairhockey\airhockey\cocos2d\cocos\editor-support\cocostudio\csparsebinary_generated.h(1593): warning C4305: '引数': 'double' から 'T' へ切り詰めます。
          with
          [
              T=float
          ] (ソース ファイルをコンパイルしています ..\editor-support\cocostudio\WidgetReader\Sprite3DReader\Sprite3DReader.cpp)
d:\android\test\新しいフォルダー\testproj\3dairhockey\airhockey\cocos2d\cocos\editor-support\cocostudio\csparsebinary_generated.h(1546): warning C4305: '引数': 'double' から 'T' へ切り詰めます。
          with
          [
              T=float
          ] (ソース ファイルをコンパイルしています ..\editor-support\cocostudio\WidgetReader\Node3DReader\Node3DReader.cpp)
d:\android\test\新しいフォルダー\testproj\3dairhockey\airhockey\cocos2d\cocos\editor-support\cocostudio\csparsebinary_generated.h(1546): warning C4305: '引数': 'double' から 'T' へ切り詰めます。
          with
          [
              T=float
          ] (ソース ファイルをコンパイルしています ..\editor-support\cocostudio\WidgetReader\TextBMFontReader\TextBMFontReader.cpp)
d:\android\test\新しいフォルダー\testproj\3dairhockey\airhockey\cocos2d\cocos\editor-support\cocostudio\csparsebinary_generated.h(1593): warning C4305: '引数': 'double' から 'T' へ切り詰めます。
          with
          [
              T=float
          ] (ソース ファイルをコンパイルしています ..\editor-support\cocostudio\WidgetReader\Node3DReader\Node3DReader.cpp)
d:\android\test\新しいフォルダー\testproj\3dairhockey\airhockey\cocos2d\cocos\editor-support\cocostudio\csparsebinary_generated.h(1593): warning C4305: '引数': 'double' から 'T' へ切り詰めます。
          with
          [
              T=float
          ] (ソース ファイルをコンパイルしています ..\editor-support\cocostudio\WidgetReader\TextBMFontReader\TextBMFontReader.cpp)
d:\android\test\新しいフォルダー\testproj\3dairhockey\airhockey\cocos2d\cocos\editor-support\cocostudio\csparsebinary_generated.h(1546): warning C4305: '引数': 'double' から 'T' へ切り詰めます。
          with
          [
              T=float
          ] (ソース ファイルをコンパイルしています ..\editor-support\cocostudio\WidgetReader\TextFieldReader\TextFieldReader.cpp)
d:\android\test\新しいフォルダー\testproj\3dairhockey\airhockey\cocos2d\cocos\editor-support\cocostudio\csparsebinary_generated.h(1593): warning C4305: '引数': 'double' から 'T' へ切り詰めます。
          with
          [
              T=float
          ] (ソース ファイルをコンパイルしています ..\editor-support\cocostudio\WidgetReader\TextFieldReader\TextFieldReader.cpp)
  Particle3DReader.cpp
d:\android\test\新しいフォルダー\testproj\3dairhockey\airhockey\cocos2d\cocos\editor-support\cocostudio\csparsebinary_generated.h(1546): warning C4305: '引数': 'double' から 'T' へ切り詰めます。
          with
          [
              T=float
          ] (ソース ファイルをコンパイルしています ..\editor-support\cocostudio\WidgetReader\TextReader\TextReader.cpp)
d:\android\test\新しいフォルダー\testproj\3dairhockey\airhockey\cocos2d\cocos\editor-support\cocostudio\csparsebinary_generated.h(1593): warning C4305: '引数': 'double' から 'T' へ切り詰めます。
          with
          [
              T=float
          ] (ソース ファイルをコンパイルしています ..\editor-support\cocostudio\WidgetReader\TextReader\TextReader.cpp)
  WidgetReader.cpp
d:\android\test\新しいフォルダー\testproj\3dairhockey\airhockey\cocos2d\cocos\editor-support\cocostudio\csparsebinary_generated.h(1546): warning C4305: '引数': 'double' から 'T' へ切り詰めます。
          with
          [
              T=float
          ] (ソース ファイルをコンパイルしています ..\editor-support\cocostudio\WidgetReader\UserCameraReader\UserCameraReader.cpp)
d:\android\test\新しいフォルダー\testproj\3dairhockey\airhockey\cocos2d\cocos\editor-support\cocostudio\csparsebinary_generated.h(1593): warning C4305: '引数': 'double' から 'T' へ切り詰めます。
          with
          [
              T=float
          ] (ソース ファイルをコンパイルしています ..\editor-support\cocostudio\WidgetReader\UserCameraReader\UserCameraReader.cpp)
d:\android\test\新しいフォルダー\testproj\3dairhockey\airhockey\cocos2d\cocos\editor-support\cocostudio\csparsebinary_generated.h(1546): warning C4305: '引数': 'double' から 'T' へ切り詰めます。
          with
          [
              T=float
          ] (ソース ファイルをコンパイルしています ..\editor-support\cocostudio\WidgetReader\Particle3DReader\Particle3DReader.cpp)
d:\android\test\新しいフォルダー\testproj\3dairhockey\airhockey\cocos2d\cocos\editor-support\cocostudio\csparsebinary_generated.h(1593): warning C4305: '引数': 'double' から 'T' へ切り詰めます。
          with
          [
              T=float
          ] (ソース ファイルをコンパイルしています ..\editor-support\cocostudio\WidgetReader\Particle3DReader\Particle3DReader.cpp)
  CCAffineTransform.cpp
  CCGeometry.cpp
  CCVertex.cpp
  Mat4.cpp
  MathUtil.cpp
  Quaternion.cpp
  TransformUtils.cpp
  Vec2.cpp
  Vec3.cpp
  Vec4.cpp
  CCNavMesh.cpp
d:\android\test\新しいフォルダー\testproj\3dairhockey\airhockey\cocos2d\cocos\editor-support\cocostudio\csparsebinary_generated.h(1546): warning C4305: '引数': 'double' から 'T' へ切り詰めます。
          with
          [
              T=float
          ] (ソース ファイルをコンパイルしています ..\editor-support\cocostudio\WidgetReader\WidgetReader.cpp)
d:\android\test\新しいフォルダー\testproj\3dairhockey\airhockey\cocos2d\cocos\editor-support\cocostudio\csparsebinary_generated.h(1593): warning C4305: '引数': 'double' から 'T' へ切り詰めます。
          with
          [
              T=float
          ] (ソース ファイルをコンパイルしています ..\editor-support\cocostudio\WidgetReader\WidgetReader.cpp)
  CCNavMeshAgent.cpp
  CCNavMeshDebugDraw.cpp
  CCNavMeshObstacle.cpp
  CCNavMeshUtils.cpp
  CCDownloader-curl.cpp
  CCDownloader.cpp
  HttpClient.cpp
  SocketIO.cpp
  Uri.cpp
  WebSocket.cpp
  CCPhysics3D.cpp
  CCPhysics3DComponent.cpp
  CCPhysics3DConstraint.cpp
  CCPhysics3DDebugDrawer.cpp
  CCPhysics3DObject.cpp
  CCPhysics3DShape.cpp
  CCPhysics3DWorld.cpp
  CCPhysicsSprite3D.cpp
  CCPhysicsBody.cpp
  CCPhysicsContact.cpp
  CCPhysicsJoint.cpp
  CCPhysicsShape.cpp
  CCPhysicsWorld.cpp
  CCFileUtils.cpp
  CCGLView.cpp
  CCImage.cpp
d:\android\test\新しいフォルダー\testproj\3dairhockey\airhockey\cocos2d\external\unzip\unzip.h(47): warning C4005: 'CC_DLL': マクロが再定義されました。 (ソース ファイルをコンパイルしています ..\platform\CCFileUtils.cpp)
  d:\android\test\新しいフォルダー\testproj\3dairhockey\airhockey\cocos2d\cocos\platform\win32\ccplatformdefine-win32.h(40): note: 'CC_DLL' の以前の定義を確認してください (ソース ファイルをコンパイルしています ..\platform\CCFileUtils.cpp)
  CCSAXParser.cpp
d:\android\test\新しいフォルダー\testproj\3dairhockey\airhockey\cocos2d\cocos\platform\ccsaxparser.cpp : warning C4819: ファイルは、現在のコード ページ (932) で表示できない文字を含んでいます。データの損失を防ぐために、ファイルを Unicode 形式で保存してください。 (ソース ファイルをコンパイルしています ..\platform\CCSAXParser.cpp)
  CCThread.cpp
  CCGLViewImpl-desktop.cpp
  CCApplication-win32.cpp
  CCCommon-win32.cpp
  CCDevice-win32.cpp
  CCFileUtils-win32.cpp
  CCStdC-win32.cpp
  CCUtils-win32.cpp
  CCBatchCommand.cpp
  CCCustomCommand.cpp
  CCFrameBuffer.cpp
  CCGLProgram.cpp
  CCGLProgramCache.cpp
  CCGLProgramState.cpp
  CCGLProgramStateCache.cpp
  ccGLStateCache.cpp
d:\android\test\新しいフォルダー\testproj\3dairhockey\airhockey\cocos2d\cocos\renderer\ccglprogramstate.cpp(920): warning C4996: 'cocos2d::UniformValue::setTexture': が非推奨として宣言されました。 (ソース ファイルをコンパイルしています ..\renderer\CCGLProgramState.cpp)
  d:\android\test\新しいフォルダー\testproj\3dairhockey\airhockey\cocos2d\cocos\renderer\ccglprogramstate.cpp(174): note: 'cocos2d::UniformValue::setTexture' の宣言を確認してください (ソース ファイルをコンパイルしています ..\renderer\CCGLProgramState.cpp)
d:\android\test\新しいフォルダー\testproj\3dairhockey\airhockey\cocos2d\cocos\renderer\ccglprogramstate.cpp(924): warning C4996: 'cocos2d::UniformValue::setTexture': が非推奨として宣言されました。 (ソース ファイルをコンパイルしています ..\renderer\CCGLProgramState.cpp)
  d:\android\test\新しいフォルダー\testproj\3dairhockey\airhockey\cocos2d\cocos\renderer\ccglprogramstate.cpp(174): note: 'cocos2d::UniformValue::setTexture' の宣言を確認してください (ソース ファイルをコンパイルしています ..\renderer\CCGLProgramState.cpp)
d:\android\test\新しいフォルダー\testproj\3dairhockey\airhockey\cocos2d\cocos\renderer\ccglprogramstate.cpp(941): warning C4996: 'cocos2d::UniformValue::setTexture': が非推奨として宣言されました。 (ソース ファイルをコンパイルしています ..\renderer\CCGLProgramState.cpp)
  d:\android\test\新しいフォルダー\testproj\3dairhockey\airhockey\cocos2d\cocos\renderer\ccglprogramstate.cpp(174): note: 'cocos2d::UniformValue::setTexture' の宣言を確認してください (ソース ファイルをコンパイルしています ..\renderer\CCGLProgramState.cpp)
d:\android\test\新しいフォルダー\testproj\3dairhockey\airhockey\cocos2d\cocos\renderer\ccglprogramstate.cpp(945): warning C4996: 'cocos2d::UniformValue::setTexture': が非推奨として宣言されました。 (ソース ファイルをコンパイルしています ..\renderer\CCGLProgramState.cpp)
  d:\android\test\新しいフォルダー\testproj\3dairhockey\airhockey\cocos2d\cocos\renderer\ccglprogramstate.cpp(174): note: 'cocos2d::UniformValue::setTexture' の宣言を確認してください (ソース ファイルをコンパイルしています ..\renderer\CCGLProgramState.cpp)
  CCGroupCommand.cpp
  CCMaterial.cpp
  CCMeshCommand.cpp
  CCPass.cpp
  CCPrimitive.cpp
  CCPrimitiveCommand.cpp
  CCQuadCommand.cpp
  CCRenderCommand.cpp
  CCRenderer.cpp
  CCRenderState.cpp
  ccShaders.cpp
  CCTechnique.cpp
  CCTexture2D.cpp
  CCTextureAtlas.cpp
  CCTextureCache.cpp
  CCTextureCube.cpp
  CCTrianglesCommand.cpp
  CCVertexAttribBinding.cpp
  CCVertexIndexBuffer.cpp
  CCVertexIndexData.cpp
  LocalStorage.cpp
  CocosGUI.cpp
  UIButton.cpp
  UIAbstractCheckButton.cpp
  UICheckBox.cpp
  UIEditBoxImpl-common.cpp
  UIRadioButton.cpp
d:\android\test\新しいフォルダー\testproj\3dairhockey\airhockey\cocos2d\cocos\ui\uiscale9sprite.h : warning C4819: ファイルは、現在のコード ページ (932) で表示できない文字を含んでいます。データの損失を防ぐために、ファイルを Unicode 形式で保存してください。 (ソース ファイルをコンパイルしています ..\ui\UIButton.cpp)
  UIDeprecated.cpp
  UIEditBox.cpp
d:\android\test\新しいフォルダー\testproj\3dairhockey\airhockey\cocos2d\cocos\ui\uiscale9sprite.h : warning C4819: ファイルは、現在のコード ページ (932) で表示できない文字を含んでいます。データの損失を防ぐために、ファイルを Unicode 形式で保存してください。 (ソース ファイルをコンパイルしています ..\ui\UIEditBox\UIEditBoxImpl-common.cpp)
d:\android\test\新しいフォルダー\testproj\3dairhockey\airhockey\cocos2d\cocos\ui\uiscale9sprite.h : warning C4819: ファイルは、現在のコード ページ (932) で表示できない文字を含んでいます。データの損失を防ぐために、ファイルを Unicode 形式で保存してください。 (ソース ファイルをコンパイルしています ..\ui\CocosGUI.cpp)
  UIEditBoxImpl-win32.cpp
  UIHBox.cpp
d:\android\test\新しいフォルダー\testproj\3dairhockey\airhockey\cocos2d\cocos\ui\uiscale9sprite.h : warning C4819: ファイルは、現在のコード ページ (932) で表示できない文字を含んでいます。データの損失を防ぐために、ファイルを Unicode 形式で保存してください。 (ソース ファイルをコンパイルしています ..\ui\UIEditBox\UIEditBox.cpp)
d:\android\test\新しいフォルダー\testproj\3dairhockey\airhockey\cocos2d\cocos\ui\uiscale9sprite.h : warning C4819: ファイルは、現在のコード ページ (932) で表示できない文字を含んでいます。データの損失を防ぐために、ファイルを Unicode 形式で保存してください。 (ソース ファイルをコンパイルしています ..\ui\UIEditBox\UIEditBoxImpl-win32.cpp)
  UIHelper.cpp
  UIImageView.cpp
  UILayout.cpp
  UILayoutComponent.cpp
  UILayoutManager.cpp
  UILayoutParameter.cpp
d:\android\test\新しいフォルダー\testproj\3dairhockey\airhockey\cocos2d\cocos\ui\uiscale9sprite.h : warning C4819: ファイルは、現在のコード ページ (932) で表示できない文字を含んでいます。データの損失を防ぐために、ファイルを Unicode 形式で保存してください。 (ソース ファイルをコンパイルしています ..\ui\UIImageView.cpp)
  UIListView.cpp
  UILoadingBar.cpp
d:\android\test\新しいフォルダー\testproj\3dairhockey\airhockey\cocos2d\cocos\ui\uiscale9sprite.h : warning C4819: ファイルは、現在のコード ページ (932) で表示できない文字を含んでいます。データの損失を防ぐために、ファイルを Unicode 形式で保存してください。 (ソース ファイルをコンパイルしています ..\ui\UILayout.cpp)
  UIPageView.cpp
  UIPageViewIndicator.cpp
d:\android\test\新しいフォルダー\testproj\3dairhockey\airhockey\cocos2d\cocos\ui\uiscale9sprite.h : warning C4819: ファイルは、現在のコード ページ (932) で表示できない文字を含んでいます。データの損失を防ぐために、ファイルを Unicode 形式で保存してください。 (ソース ファイルをコンパイルしています ..\ui\UILoadingBar.cpp)
  UIRelativeBox.cpp
  UIRichText.cpp
  UIScale9Sprite.cpp
d:\android\test\新しいフォルダー\testproj\3dairhockey\airhockey\cocos2d\cocos\ui\uiscale9sprite.h : warning C4819: ファイルは、現在のコード ページ (932) で表示できない文字を含んでいます。データの損失を防ぐために、ファイルを Unicode 形式で保存してください。 (ソース ファイルをコンパイルしています ..\ui\UIScale9Sprite.cpp)
  UIScrollView.cpp
  UIScrollViewBar.cpp
  UISlider.cpp
  UITabControl.cpp
  UIText.cpp
  UITextAtlas.cpp
d:\android\test\新しいフォルダー\testproj\3dairhockey\airhockey\cocos2d\cocos\ui\uiscale9sprite.h : warning C4819: ファイルは、現在のコード ページ (932) で表示できない文字を含んでいます。データの損失を防ぐために、ファイルを Unicode 形式で保存してください。 (ソース ファイルをコンパイルしています ..\ui\UISlider.cpp)
  UITextBMFont.cpp
  UITextField.cpp
  UIVBox.cpp
  UIWebView.cpp
  UIWidget.cpp
  CCVRDistortion.cpp
  CCVRDistortionMesh.cpp
  CCVRGenericHeadTracker.cpp
  CCVRGenericRenderer.cpp
  CCAction.cpp
  CCActionCamera.cpp
d:\android\test\新しいフォルダー\testproj\3dairhockey\airhockey\cocos2d\cocos\ui\uiscale9sprite.h : warning C4819: ファイルは、現在のコード ページ (932) で表示できない文字を含んでいます。データの損失を防ぐために、ファイルを Unicode 形式で保存してください。 (ソース ファイルをコンパイルしています ..\ui\UIWidget.cpp)
  CCActionCatmullRom.cpp
  CCActionEase.cpp
  CCActionGrid.cpp
  CCActionGrid3D.cpp
  CCActionInstant.cpp
  CCActionInterval.cpp
  CCActionManager.cpp
  CCActionPageTurn3D.cpp
  CCActionProgressTimer.cpp
  CCActionTiledGrid.cpp
  CCActionTween.cpp
  CCAnimation.cpp
  CCAnimationCache.cpp
  CCAtlasNode.cpp
  CCAutoPolygon.cpp
  CCCamera.cpp
  CCCameraBackgroundBrush.cpp
  CCClippingNode.cpp
  CCClippingRectangleNode.cpp
  CCComponent.cpp
  CCComponentContainer.cpp
  CCDrawingPrimitives.cpp
  CCDrawNode.cpp
  CCFastTMXLayer.cpp
  CCFastTMXTiledMap.cpp
  CCFontAtlas.cpp
  CCFontAtlasCache.cpp
  CCFontCharMap.cpp
  CCFontFNT.cpp
  CCFontFreeType.cpp
d:\android\test\新しいフォルダー\testproj\3dairhockey\airhockey\cocos2d\cocos\2d\ccfontfreetype.cpp : warning C4819: ファイルは、現在のコード ページ (932) で表示できない文字を含んでいます。データの損失を防ぐために、ファイルを Unicode 形式で保存してください。 (ソース ファイルをコンパイルしています CCFontFreeType.cpp)
  CCGLBufferedNode.cpp
  CCGrabber.cpp
  CCGrid.cpp
  CCLabel.cpp
  CCLabelAtlas.cpp
  CCLabelBMFont.cpp
  CCLabelTextFormatter.cpp
  CCLabelTTF.cpp
  CCLayer.cpp
  CCLight.cpp
  CCMenu.cpp
  CCMenuItem.cpp
  CCMotionStreak.cpp
  CCNode.cpp
  CCNodeGrid.cpp
  CCParallaxNode.cpp
  CCParticleBatchNode.cpp
  CCParticleExamples.cpp
  CCParticleSystem.cpp
  CCParticleSystemQuad.cpp
  CCProgressTimer.cpp
  CCProtectedNode.cpp
  CCRenderTexture.cpp
  CCScene.cpp
  CCSprite.cpp
  CCSpriteBatchNode.cpp
  CCSpriteFrame.cpp
  CCSpriteFrameCache.cpp
  CCTextFieldTTF.cpp
  CCTileMapAtlas.cpp
  CCTMXLayer.cpp
  CCTMXObjectGroup.cpp
  CCTMXTiledMap.cpp
  CCTMXXMLParser.cpp
d:\android\test\新しいフォルダー\testproj\3dairhockey\airhockey\cocos2d\cocos\2d\cctmxxmlparser.cpp : warning C4819: ファイルは、現在のコード ページ (932) で表示できない文字を含んでいます。データの損失を防ぐために、ファイルを Unicode 形式で保存してください。 (ソース ファイルをコンパイルしています CCTMXXMLParser.cpp)
  CCTransition.cpp
  CCTransitionPageTurn.cpp
  CCTransitionProgress.cpp
  CCTweenFunction.cpp
  '2d\..\..\external\glfw3\prebuilt\win32\*.*" "D:\Android\test\新しいフォルダー\TestProj\3DAirHockey\AirHockey\proj.win32\Debug.win32\"' は、内部コマンドまたは外部コマンド、
  操作可能なプログラムまたはバッチ ファイルとして認識されていません。
  'ey\AirHockey\cocos2d\cocos\2d\..\..\external\jpeg\prebuilt\win32\*.*" "D:\Android\test\新しいフォルダー\TestProj\3DAirHockey\AirHockey\proj.win32\Debug.win32\"' は、内部コマンドまたは外部コマンド、
  操作可能なプログラムまたはバッチ ファイルとして認識されていません。
  'いフォルダー\TestProj\3DAirHockey\AirHockey\cocos2d\cocos\2d\..\..\external\tiff\prebuilt\win32\*.*" "D:\Android\test\新しいフォルダー\TestProj\3DAirHockey\AirHockey\proj.win32\Debug.win32\"' は、内部コマンドまたは外部コマンド、
  操作可能なプログラムまたはバッチ ファイルとして認識されていません。
  2 個のファイルをコピーしました
  'ockey\AirHockey\proj.win32\Debug.win32\"' は、内部コマンドまたは外部コマンド、
  操作可能なプログラムまたはバッチ ファイルとして認識されていません。
  '\TestProj\3DAirHockey\AirHockey\proj.win32\Debug.win32\"' は、内部コマンドまたは外部コマンド、
  操作可能なプログラムまたはバッチ ファイルとして認識されていません。
  '新しいフォルダー\TestProj\3DAirHockey\AirHockey\proj.win32\Debug.win32\"' は、内部コマンドまたは外部コマンド、
  操作可能なプログラムまたはバッチ ファイルとして認識されていません。
  '*.*" "D:\Android\test\新しいフォルダー\TestProj\3DAirHockey\AirHockey\proj.win32\Debug.win32\"' は、内部コマンドまたは外部コマンド、
  操作可能なプログラムまたはバッチ ファイルとして認識されていません。
  'ecoder\prebuilt\*.*" "D:\Android\test\新しいフォルダー\TestProj\3DAirHockey\AirHockey\proj.win32\Debug.win32\"' は、内部コマンドまたは外部コマンド、
  操作可能なプログラムまたはバッチ ファイルとして認識されていません。
  '32-specific\OggDecoder\prebuilt\*.*" "D:\Android\test\新しいフォルダー\TestProj\3DAirHockey\AirHockey\proj.win32\Debug.win32\"' は、内部コマンドまたは外部コマンド、
  操作可能なプログラムまたはバッチ ファイルとして認識されていません。
  '\..\external\sqlite3\libraries\win32\*.*" "D:\Android\test\新しいフォルダー\TestProj\3DAirHockey\AirHockey\proj.win32\Debug.win32\"' は、内部コマンドまたは外部コマンド、
  操作可能なプログラムまたはバッチ ファイルとして認識されていません。
  'os2d\cocos\2d\..\..\external\chipmunk\prebuilt\win32\debug-lib\*.*" "D:\Android\test\新しいフォルダー\TestProj\3DAirHockey\AirHockey\proj.win32\Debug.win32\"' は、内部コマンドまたは外部コマンド、
  操作可能なプログラムまたはバッチ ファイルとして認識されていません。
  'ey\AirHockey\cocos2d\cocos\2d\..\..\external\bullet\prebuilt\win32\debug\*.*" "D:\Android\test\新しいフォルダー\TestProj\3DAirHockey\AirHockey\proj.win32\Debug.win32\"' は、内部コマンドまたは外部コマンド、
  操作可能なプログラムまたはバッチ ファイルとして認識されていません。
  'stProj\3DAirHockey\AirHockey\cocos2d\cocos\2d\..\..\external\Box2D\prebuilt\win32\debug\*.*" "D:\Android\test\新しいフォルダー\TestProj\3DAirHockey\AirHockey\proj.win32\Debug.win32\"' は、内部コマンドまたは外部コマンド、
  操作可能なプログラムまたはバッチ ファイルとして認識されていません。
  'ｵいフォルダー\TestProj\3DAirHockey\AirHockey\cocos2d\cocos\2d\..\..\external\openssl\prebuilt\win32\*.*" "D:\Android\test\新しいフォルダー\TestProj\3DAirHockey\AirHockey\proj.win32\Debug.win32\"' は、内部コマンドまたは外部コマンド、
  操作可能なプログラムまたはバッチ ファイルとして認識されていません。
  'Android\test\新しいフォルダー\TestProj\3DAirHockey\AirHockey\cocos2d\cocos\2d\..\..\external\uv\prebuilt\win32\*.*" "D:\Android\test\新しいフォルダー\TestProj\3DAirHockey\AirHockey\proj.win32\Debug.win32\"' は、内部コマンドまたは外部コマンド、
  操作可能なプログラムまたはバッチ ファイルとして認識されていません。
C:\Program Files (x86)\Microsoft Visual Studio\2017\Professional\Common7\IDE\VC\VCTargets\Microsoft.CppCommon.targets(133,5): error MSB3073: コマンド "if not exist "D:\Android\test\新しいフォルダー\TestProj\3DAirHockey\AirHockey\proj.win32\Debug.win32\" mkdir "D:\Android\test\新しいフォルダー\TestProj\3DAirHockey\AirHockey\proj.win32\Debug.win32\"
C:\Program Files (x86)\Microsoft Visual Studio\2017\Professional\Common7\IDE\VC\VCTargets\Microsoft.CppCommon.targets(133,5): error MSB3073: xcopy /Y /Q "D:\Android\test\新しいフォルダー\TestProj\3DAirHockey\AirHockey\cocos2d\cocos\2d\..\..\external\freetype2\prebuilt\win32\*.*" "D:\Android\test\新しいフォルダー\TestProj\3DAirHockey\AirHockey\proj.win32\Debug.win32\"
C:\Program Files (x86)\Microsoft Visual Studio\2017\Professional\Common7\IDE\VC\VCTargets\Microsoft.CppCommon.targets(133,5): error MSB3073: xcopy /Y /Q "D:\Android\test\新しいフォルダー\TestProj\3DAirHockey\AirHockey\cocos2d\cocos\2d\..\..\external\glfw3\prebuilt\win32\*.*" "D:\Android\test\新しいフォルダー\TestProj\3DAirHockey\AirHockey\proj.win32\Debug.win32\"
C:\Program Files (x86)\Microsoft Visual Studio\2017\Professional\Common7\IDE\VC\VCTargets\Microsoft.CppCommon.targets(133,5): error MSB3073: xcopy /Y /Q "D:\Android\test\新しいフォルダー\TestProj\3DAirHockey\AirHockey\cocos2d\cocos\2d\..\..\external\curl\prebuilt\win32\*.*" "D:\Android\test\新しいフォルダー\TestProj\3DAirHockey\AirHockey\proj.win32\Debug.win32\"
C:\Program Files (x86)\Microsoft Visual Studio\2017\Professional\Common7\IDE\VC\VCTargets\Microsoft.CppCommon.targets(133,5): error MSB3073: xcopy /Y /Q "D:\Android\test\新しいフォルダー\TestProj\3DAirHockey\AirHockey\cocos2d\cocos\2d\..\..\external\jpeg\prebuilt\win32\*.*" "D:\Android\test\新しいフォルダー\TestProj\3DAirHockey\AirHockey\proj.win32\Debug.win32\"
C:\Program Files (x86)\Microsoft Visual Studio\2017\Professional\Common7\IDE\VC\VCTargets\Microsoft.CppCommon.targets(133,5): error MSB3073: xcopy /Y /Q "D:\Android\test\新しいフォルダー\TestProj\3DAirHockey\AirHockey\cocos2d\cocos\2d\..\..\external\png\prebuilt\win32\*.*" "D:\Android\test\新しいフォルダー\TestProj\3DAirHockey\AirHockey\proj.win32\Debug.win32\"
C:\Program Files (x86)\Microsoft Visual Studio\2017\Professional\Common7\IDE\VC\VCTargets\Microsoft.CppCommon.targets(133,5): error MSB3073: xcopy /Y /Q "D:\Android\test\新しいフォルダー\TestProj\3DAirHockey\AirHockey\cocos2d\cocos\2d\..\..\external\tiff\prebuilt\win32\*.*" "D:\Android\test\新しいフォルダー\TestProj\3DAirHockey\AirHockey\proj.win32\Debug.win32\"
C:\Program Files (x86)\Microsoft Visual Studio\2017\Professional\Common7\IDE\VC\VCTargets\Microsoft.CppCommon.targets(133,5): error MSB3073: xcopy /Y /Q "D:\Android\test\新しいフォルダー\TestProj\3DAirHockey\AirHockey\cocos2d\cocos\2d\..\..\external\webp\prebuilt\win32\*.*" "D:\Android\test\新しいフォルダー\TestProj\3DAirHockey\AirHockey\proj.win32\Debug.win32\"
C:\Program Files (x86)\Microsoft Visual Studio\2017\Professional\Common7\IDE\VC\VCTargets\Microsoft.CppCommon.targets(133,5): error MSB3073: xcopy /Y /Q "D:\Android\test\新しいフォルダー\TestProj\3DAirHockey\AirHockey\cocos2d\cocos\2d\..\..\external\websockets\prebuilt\win32\*.*" "D:\Android\test\新しいフォルダー\TestProj\3DAirHockey\AirHockey\proj.win32\Debug.win32\"
C:\Program Files (x86)\Microsoft Visual Studio\2017\Professional\Common7\IDE\VC\VCTargets\Microsoft.CppCommon.targets(133,5): error MSB3073: xcopy /Y /Q "D:\Android\test\新しいフォルダー\TestProj\3DAirHockey\AirHockey\cocos2d\cocos\2d\..\..\external\win32-specific\zlib\prebuilt\*.*" "D:\Android\test\新しいフォルダー\TestProj\3DAirHockey\AirHockey\proj.win32\Debug.win32\"
C:\Program Files (x86)\Microsoft Visual Studio\2017\Professional\Common7\IDE\VC\VCTargets\Microsoft.CppCommon.targets(133,5): error MSB3073: xcopy /Y /Q "D:\Android\test\新しいフォルダー\TestProj\3DAirHockey\AirHockey\cocos2d\cocos\2d\..\..\external\win32-specific\icon\prebuilt\*.*" "D:\Android\test\新しいフォルダー\TestProj\3DAirHockey\AirHockey\proj.win32\Debug.win32\"
C:\Program Files (x86)\Microsoft Visual Studio\2017\Professional\Common7\IDE\VC\VCTargets\Microsoft.CppCommon.targets(133,5): error MSB3073: xcopy /Y /Q "D:\Android\test\新しいフォルダー\TestProj\3DAirHockey\AirHockey\cocos2d\cocos\2d\..\..\external\win32-specific\gles\prebuilt\*.*" "D:\Android\test\新しいフォルダー\TestProj\3DAirHockey\AirHockey\proj.win32\Debug.win32\"
C:\Program Files (x86)\Microsoft Visual Studio\2017\Professional\Common7\IDE\VC\VCTargets\Microsoft.CppCommon.targets(133,5): error MSB3073: xcopy /Y /Q "D:\Android\test\新しいフォルダー\TestProj\3DAirHockey\AirHockey\cocos2d\cocos\2d\..\..\external\win32-specific\OpenalSoft\prebuilt\*.*" "D:\Android\test\新しいフォルダー\TestProj\3DAirHockey\AirHockey\proj.win32\Debug.win32\"
C:\Program Files (x86)\Microsoft Visual Studio\2017\Professional\Common7\IDE\VC\VCTargets\Microsoft.CppCommon.targets(133,5): error MSB3073: xcopy /Y /Q "D:\Android\test\新しいフォルダー\TestProj\3DAirHockey\AirHockey\cocos2d\cocos\2d\..\..\external\win32-specific\MP3Decoder\prebuilt\*.*" "D:\Android\test\新しいフォルダー\TestProj\3DAirHockey\AirHockey\proj.win32\Debug.win32\"
C:\Program Files (x86)\Microsoft Visual Studio\2017\Professional\Common7\IDE\VC\VCTargets\Microsoft.CppCommon.targets(133,5): error MSB3073: xcopy /Y /Q "D:\Android\test\新しいフォルダー\TestProj\3DAirHockey\AirHockey\cocos2d\cocos\2d\..\..\external\win32-specific\OggDecoder\prebuilt\*.*" "D:\Android\test\新しいフォルダー\TestProj\3DAirHockey\AirHockey\proj.win32\Debug.win32\"
C:\Program Files (x86)\Microsoft Visual Studio\2017\Professional\Common7\IDE\VC\VCTargets\Microsoft.CppCommon.targets(133,5): error MSB3073: xcopy /Y /Q "D:\Android\test\新しいフォルダー\TestProj\3DAirHockey\AirHockey\cocos2d\cocos\2d\..\..\external\sqlite3\libraries\win32\*.*" "D:\Android\test\新しいフォルダー\TestProj\3DAirHockey\AirHockey\proj.win32\Debug.win32\"
C:\Program Files (x86)\Microsoft Visual Studio\2017\Professional\Common7\IDE\VC\VCTargets\Microsoft.CppCommon.targets(133,5): error MSB3073: xcopy /Y /Q "D:\Android\test\新しいフォルダー\TestProj\3DAirHockey\AirHockey\cocos2d\cocos\2d\..\..\external\chipmunk\prebuilt\win32\debug-lib\*.*" "D:\Android\test\新しいフォルダー\TestProj\3DAirHockey\AirHockey\proj.win32\Debug.win32\"
C:\Program Files (x86)\Microsoft Visual Studio\2017\Professional\Common7\IDE\VC\VCTargets\Microsoft.CppCommon.targets(133,5): error MSB3073: xcopy /Y /Q "D:\Android\test\新しいフォルダー\TestProj\3DAirHockey\AirHockey\cocos2d\cocos\2d\..\..\external\bullet\prebuilt\win32\debug\*.*" "D:\Android\test\新しいフォルダー\TestProj\3DAirHockey\AirHockey\proj.win32\Debug.win32\"
C:\Program Files (x86)\Microsoft Visual Studio\2017\Professional\Common7\IDE\VC\VCTargets\Microsoft.CppCommon.targets(133,5): error MSB3073: xcopy /Y /Q "D:\Android\test\新しいフォルダー\TestProj\3DAirHockey\AirHockey\cocos2d\cocos\2d\..\..\external\Box2D\prebuilt\win32\debug\*.*" "D:\Android\test\新しいフォルダー\TestProj\3DAirHockey\AirHockey\proj.win32\Debug.win32\"
C:\Program Files (x86)\Microsoft Visual Studio\2017\Professional\Common7\IDE\VC\VCTargets\Microsoft.CppCommon.targets(133,5): error MSB3073: xcopy /Y /Q "D:\Android\test\新しいフォルダー\TestProj\3DAirHockey\AirHockey\cocos2d\cocos\2d\..\..\external\openssl\prebuilt\win32\*.*" "D:\Android\test\新しいフォルダー\TestProj\3DAirHockey\AirHockey\proj.win32\Debug.win32\"
C:\Program Files (x86)\Microsoft Visual Studio\2017\Professional\Common7\IDE\VC\VCTargets\Microsoft.CppCommon.targets(133,5): error MSB3073: xcopy /Y /Q "D:\Android\test\新しいフォルダー\TestProj\3DAirHockey\AirHockey\cocos2d\cocos\2d\..\..\external\uv\prebuilt\win32\*.*" "D:\Android\test\新しいフォルダー\TestProj\3DAirHockey\AirHockey\proj.win32\Debug.win32\"
C:\Program Files (x86)\Microsoft Visual Studio\2017\Professional\Common7\IDE\VC\VCTargets\Microsoft.CppCommon.targets(133,5): error MSB3073: :VCEnd" はコード 9009 で終了しました。
