  Animation.c
  AnimationState.c
  AnimationStateData.c
  Array.c
  Atlas.c
  AtlasAttachmentLoader.c
  Attachment.c
  AttachmentLoader.c
  Bone.c
  BoneData.c
  BoundingBoxAttachment.c
  ClippingAttachment.c
  Color.c
  Event.c
  EventData.c
  extension.c
  IkConstraint.c
  IkConstraintData.c
  Json.c
  MeshAttachment.c
  PathAttachment.c
  PathConstraint.c
  PathConstraintData.c
  PointAttachment.c
  RegionAttachment.c
  Skeleton.c
  SkeletonBinary.c
  SkeletonBounds.c
  SkeletonClipping.c
  SkeletonData.c
  SkeletonJson.c
  Skin.c
  Slot.c
  SlotData.c
  TransformConstraint.c
  TransformConstraintData.c
d:\android\test\testproj\3dairhockey\airhockey\cocos2d\cocos\editor-support\spine\skeletonbinary.c(310): warning C4018: '<': signed と unsigned の数値を比較しようとしました。
  Triangulator.c
  VertexAttachment.c
d:\android\test\testproj\3dairhockey\airhockey\cocos2d\cocos\editor-support\spine\skeletonbinary.c(372): warning C4018: '<': signed と unsigned の数値を比較しようとしました。
  VertexEffect.c
d:\android\test\testproj\3dairhockey\airhockey\cocos2d\cocos\editor-support\spine\skeletonbinary.c(484): warning C4018: '<': signed と unsigned の数値を比較しようとしました。
d:\android\test\testproj\3dairhockey\airhockey\cocos2d\cocos\editor-support\spine\skeletonbinary.c(649): warning C4018: '<': signed と unsigned の数値を比較しようとしました。
d:\android\test\testproj\3dairhockey\airhockey\cocos2d\cocos\editor-support\spine\skeletonbinary.c(652): warning C4018: '<': signed と unsigned の数値を比較しようとしました。
d:\android\test\testproj\3dairhockey\airhockey\cocos2d\cocos\editor-support\spine\skeletonjson.c(97): warning C4018: '>=': signed と unsigned の数値を比較しようとしました。
  AttachmentVertices.cpp
  Cocos2dAttachmentLoader.cpp
  SkeletonAnimation.cpp
  SkeletonBatch.cpp
  SkeletonRenderer.cpp
  SkeletonTwoColorBatch.cpp
  spine-cocos2dx.cpp
d:\android\test\testproj\3dairhockey\airhockey\cocos2d\cocos\base\ccutf8.h : warning C4819: ファイルは、現在のコード ページ (932) で表示できない文字を含んでいます。データの損失を防ぐために、ファイルを Unicode 形式で保存してください。 (ソース ファイルをコンパイルしています ..\SkeletonRenderer.cpp)
d:\android\test\testproj\3dairhockey\airhockey\cocos2d\cocos\base\ccutf8.h : warning C4819: ファイルは、現在のコード ページ (932) で表示できない文字を含んでいます。データの損失を防ぐために、ファイルを Unicode 形式で保存してください。 (ソース ファイルをコンパイルしています ..\Cocos2dAttachmentLoader.cpp)
d:\android\test\testproj\3dairhockey\airhockey\cocos2d\cocos\base\ccutf8.h : warning C4819: ファイルは、現在のコード ページ (932) で表示できない文字を含んでいます。データの損失を防ぐために、ファイルを Unicode 形式で保存してください。 (ソース ファイルをコンパイルしています ..\AttachmentVertices.cpp)
d:\android\test\testproj\3dairhockey\airhockey\cocos2d\cocos\base\ccutf8.h : warning C4819: ファイルは、現在のコード ページ (932) で表示できない文字を含んでいます。データの損失を防ぐために、ファイルを Unicode 形式で保存してください。 (ソース ファイルをコンパイルしています ..\SkeletonAnimation.cpp)
d:\android\test\testproj\3dairhockey\airhockey\cocos2d\cocos\base\ccutf8.h : warning C4819: ファイルは、現在のコード ページ (932) で表示できない文字を含んでいます。データの損失を防ぐために、ファイルを Unicode 形式で保存してください。 (ソース ファイルをコンパイルしています ..\SkeletonTwoColorBatch.cpp)
d:\android\test\testproj\3dairhockey\airhockey\cocos2d\cocos\base\ccutf8.h : warning C4819: ファイルは、現在のコード ページ (932) で表示できない文字を含んでいます。データの損失を防ぐために、ファイルを Unicode 形式で保存してください。 (ソース ファイルをコンパイルしています ..\SkeletonBatch.cpp)
d:\android\test\testproj\3dairhockey\airhockey\cocos2d\cocos\base\ccutf8.h : warning C4819: ファイルは、現在のコード ページ (932) で表示できない文字を含んでいます。データの損失を防ぐために、ファイルを Unicode 形式で保存してください。 (ソース ファイルをコンパイルしています ..\spine-cocos2dx.cpp)
d:\android\test\testproj\3dairhockey\airhockey\cocos2d\cocos\platform\ccsaxparser.h : warning C4819: ファイルは、現在のコード ページ (932) で表示できない文字を含んでいます。データの損失を防ぐために、ファイルを Unicode 形式で保存してください。 (ソース ファイルをコンパイルしています ..\SkeletonRenderer.cpp)
d:\android\test\testproj\3dairhockey\airhockey\cocos2d\cocos\platform\ccsaxparser.h : warning C4819: ファイルは、現在のコード ページ (932) で表示できない文字を含んでいます。データの損失を防ぐために、ファイルを Unicode 形式で保存してください。 (ソース ファイルをコンパイルしています ..\Cocos2dAttachmentLoader.cpp)
d:\android\test\testproj\3dairhockey\airhockey\cocos2d\cocos\platform\ccsaxparser.h : warning C4819: ファイルは、現在のコード ページ (932) で表示できない文字を含んでいます。データの損失を防ぐために、ファイルを Unicode 形式で保存してください。 (ソース ファイルをコンパイルしています ..\SkeletonTwoColorBatch.cpp)
d:\android\test\testproj\3dairhockey\airhockey\cocos2d\cocos\platform\ccsaxparser.h : warning C4819: ファイルは、現在のコード ページ (932) で表示できない文字を含んでいます。データの損失を防ぐために、ファイルを Unicode 形式で保存してください。 (ソース ファイルをコンパイルしています ..\SkeletonAnimation.cpp)
d:\android\test\testproj\3dairhockey\airhockey\cocos2d\cocos\platform\ccsaxparser.h : warning C4819: ファイルは、現在のコード ページ (932) で表示できない文字を含んでいます。データの損失を防ぐために、ファイルを Unicode 形式で保存してください。 (ソース ファイルをコンパイルしています ..\AttachmentVertices.cpp)
d:\android\test\testproj\3dairhockey\airhockey\cocos2d\cocos\platform\ccsaxparser.h : warning C4819: ファイルは、現在のコード ページ (932) で表示できない文字を含んでいます。データの損失を防ぐために、ファイルを Unicode 形式で保存してください。 (ソース ファイルをコンパイルしています ..\SkeletonBatch.cpp)
d:\android\test\testproj\3dairhockey\airhockey\cocos2d\cocos\platform\ccsaxparser.h : warning C4819: ファイルは、現在のコード ページ (932) で表示できない文字を含んでいます。データの損失を防ぐために、ファイルを Unicode 形式で保存してください。 (ソース ファイルをコンパイルしています ..\spine-cocos2dx.cpp)
d:\android\test\testproj\3dairhockey\airhockey\cocos2d\cocos\editor-support\spine\skeletontwocolorbatch.cpp(237): warning C4018: '<': signed と unsigned の数値を比較しようとしました。
d:\android\test\testproj\3dairhockey\airhockey\cocos2d\cocos\editor-support\spine\skeletontwocolorbatch.cpp(274): warning C4018: '<': signed と unsigned の数値を比較しようとしました。
d:\android\test\testproj\3dairhockey\airhockey\cocos2d\cocos\editor-support\spine\skeletonbatch.cpp(110): warning C4018: '<': signed と unsigned の数値を比較しようとしました。
  libSpine.vcxproj -> D:\Android\test\TestProj\3DAirHockey\AirHockey\proj.win32\Debug.win32\libSpine.lib
